Build started 5/6/2015 6:56:45 PM.
     1>Project "C:\Users\Ze\Documents\GitHub\EEG_EYE_ROVER\Project1\Project1.vcxproj" on node 2 (Build target(s)).
     1>C:\Program Files (x86)\MSBuild\Microsoft.Cpp\v4.0\V120\Microsoft.CppBuild.targets(381,5): warning MSB8028: The intermediate directory (Debug\) contains files shared from another project (Project1.vcxproj).  This can lead to incorrect clean and rebuild behavior.
     1>ClCompile:
         C:\Program Files (x86)\Microsoft Visual Studio 12.0\VC\bin\CL.exe /c /AI"C:\Program Files (x86)\Reference Assemblies\Microsoft\Framework\.NETFramework\v4.0" /AI"C:\Program Files (x86)\Windows Kits\8.1\References\CommonConfiguration\Neutral" /Zi /clr /nologo /W3 /WX- /sdl /Od /Oy- /D _SCL_SECURE_NO_WARNINGS /D _MBCS /EHa /MDd /GS /fp:precise /Zc:wchar_t /Zc:forScope /Fo"Debug\\" /Fd"Debug\vc120.pdb" /TP /FU"C:\Program Files (x86)\Reference Assemblies\Microsoft\Framework\.NETFramework\v4.0\mscorlib.dll" /FU"C:\Program Files (x86)\Reference Assemblies\Microsoft\Framework\.NETFramework\v4.0\System.Net.dll" /analyze- /errorReport:prompt /clr:nostdlib main.cpp
         main.cpp
     1>c:\users\ze\documents\github\eeg_eye_rover\project1\GameController.h(50): warning C4305: 'initializing' : truncation from 'double' to 'float'
     1>main.cpp(226): warning C4244: 'argument' : conversion from 'float' to 'int', possible loss of data
     1>main.cpp(231): warning C4244: 'argument' : conversion from 'float' to 'int', possible loss of data
     1>main.cpp(236): warning C4244: 'argument' : conversion from 'float' to 'int', possible loss of data
     1>main.cpp(241): warning C4244: 'argument' : conversion from 'float' to 'int', possible loss of data
     1>main.cpp(259): warning C4129: 'E' : unrecognized character escape sequence
     1>main.cpp(365): warning C4129: 'E' : unrecognized character escape sequence
     1>main.cpp(435): warning C4244: 'initializing' : conversion from 'double' to 'int', possible loss of data
       Link:
         C:\Program Files (x86)\Microsoft Visual Studio 12.0\VC\bin\link.exe /ERRORREPORT:PROMPT /OUT:"C:\Users\Ze\Documents\GitHub\EEG_EYE_ROVER\Debug\rover_testtype06.exe" /INCREMENTAL /NOLOGO XINPUT9_1_0.LIB kernel32.lib user32.lib gdi32.lib winspool.lib comdlg32.lib advapi32.lib shell32.lib ole32.lib oleaut32.lib uuid.lib odbc32.lib odbccp32.lib /MANIFEST /MANIFESTUAC:"level='asInvoker' uiAccess='false'" /manifest:embed /DEBUG /PDB:"C:\Users\Ze\Documents\GitHub\EEG_EYE_ROVER\Debug\rover_testtype06.pdb" /ASSEMBLYDEBUG /TLBID:1 /DYNAMICBASE /FIXED:NO /NXCOMPAT /MACHINE:X86 Debug\BtSerial.obj
         Debug\EEGState.obj
         Debug\GameController.obj
         Debug\main.obj
         Debug\ModeState.obj
         Debug\MotorState.obj
         Debug\SensorComm.obj
         Debug\ServoState.obj
         Debug\Utility.obj
         "Debug\.NETFramework,Version=v4.0.AssemblyAttributes.obj"
         Project1.vcxproj -> C:\Users\Ze\Documents\GitHub\EEG_EYE_ROVER\Debug\rover_testtype06.exe
     1>Done Building Project "C:\Users\Ze\Documents\GitHub\EEG_EYE_ROVER\Project1\Project1.vcxproj" (Build target(s)).

Build succeeded.

Time Elapsed 00:00:02.17
